<?xml version="1.0" encoding="UTF-8"?>
<testsuite xmlns:xsi="http://www.w3.org/2001/XMLSchema-instance" xsi:noNamespaceSchemaLocation="https://maven.apache.org/surefire/maven-surefire-plugin/xsd/surefire-test-report-3.0.xsd" version="3.0" name="cucumber.Options.TestRunner" time="4.993" tests="1" errors="0" skipped="0" failures="0">
  <properties>
[...]
</properties>
  <testcase name="Verify JiraId is create" classname="to validate Jira id is created when the user loggs a defect" time="4.32">
    <system-out><![CDATA[10051
SCRUM1-20
https://pavankumart855.atlassian.net/rest/api/3/issue/10051
]]></system-out>
  </testcase>
</testsuite>